<?xml version="1.0" encoding="UTF-8"?>
<!-- Generated by org.testng.reporters.JUnitReportReporter -->
<testsuite hostname="BobbySurfacePro" failures="0" tests="10" name="hust.cs.javacourse.search.index.IndexTest" time="0.052" errors="0" timestamp="09 5æœˆ 2024 09:12:41 GMT" skipped="0">
  <testcase classname="hust.cs.javacourse.search.index.IndexTest" name="testLoad" time="0.017"/>
  <testcase classname="hust.cs.javacourse.search.index.IndexTest" name="testGetDocName" time="0.000"/>
  <testcase classname="hust.cs.javacourse.search.index.IndexTest" name="testGetDictionary" time="0.000"/>
  <testcase classname="hust.cs.javacourse.search.index.IndexTest" name="testReadObject" time="0.010"/>
  <testcase classname="hust.cs.javacourse.search.index.IndexTest" name="testTestToString" time="0.003"/>
  <testcase classname="hust.cs.javacourse.search.index.IndexTest" name="testAddDocument" time="0.001"/>
  <testcase classname="hust.cs.javacourse.search.index.IndexTest" name="testSave" time="0.010"/>
  <testcase classname="hust.cs.javacourse.search.index.IndexTest" name="testSearch" time="0.000"/>
  <testcase classname="hust.cs.javacourse.search.index.IndexTest" name="testWriteObject" time="0.011"/>
  <testcase classname="hust.cs.javacourse.search.index.IndexTest" name="testOptimize" time="0.000"/>
</testsuite> <!-- hust.cs.javacourse.search.index.IndexTest -->
